[debug] [2019-08-21T15:05:07.881Z] ----------------------------------------------------------------------
[debug] [2019-08-21T15:05:07.884Z] Command:       /usr/local/bin/node /usr/local/bin/firebase deploy
[debug] [2019-08-21T15:05:07.884Z] CLI Version:   7.1.1
[debug] [2019-08-21T15:05:07.884Z] Platform:      darwin
[debug] [2019-08-21T15:05:07.884Z] Node Version:  v10.15.0
[debug] [2019-08-21T15:05:07.885Z] Time:          Wed Aug 21 2019 11:05:07 GMT-0400 (Eastern Daylight Time)
[debug] [2019-08-21T15:05:07.885Z] ----------------------------------------------------------------------
[debug] 
[debug] [2019-08-21T15:05:07.898Z] > command requires scopes: ["email","openid","https://www.googleapis.com/auth/cloudplatformprojects.readonly","https://www.googleapis.com/auth/firebase","https://www.googleapis.com/auth/cloud-platform"]
[debug] [2019-08-21T15:05:07.899Z] > authorizing via signed-in user
[debug] [2019-08-21T15:05:07.899Z] [iam] checking project prascak-personal-site for permissions ["cloudfunctions.functions.create","cloudfunctions.functions.delete","cloudfunctions.functions.get","cloudfunctions.functions.list","cloudfunctions.functions.update","cloudfunctions.operations.get","datastore.indexes.create","datastore.indexes.delete","datastore.indexes.list","datastore.indexes.update","firebase.projects.get","firebasehosting.sites.update"]
[debug] [2019-08-21T15:05:07.901Z] >>> HTTP REQUEST POST https://cloudresourcemanager.googleapis.com/v1/projects/prascak-personal-site:testIamPermissions  

[debug] [2019-08-21T15:05:08.225Z] <<< HTTP RESPONSE 200
[debug] [2019-08-21T15:05:08.228Z] >>> HTTP REQUEST GET https://firebase.googleapis.com/v1beta1/projects/prascak-personal-site  
 
[debug] [2019-08-21T15:05:08.451Z] <<< HTTP RESPONSE 200
[info] 
[info] === Deploying to 'prascak-personal-site'...
[info] 
[info] i  deploying firestore, functions, hosting
[info] i  firestore: checking firestore.rules for compilation errors...
[info] i  firestore: reading indexes from firestore.indexes.json...
[debug] [2019-08-21T15:05:14.717Z] >>> HTTP REQUEST POST https://firebaserules.googleapis.com/v1/projects/prascak-personal-site:test  

[debug] [2019-08-21T15:05:14.939Z] <<< HTTP RESPONSE 200
[info] ✔  firestore: rules file firestore.rules compiled successfully
[debug] [2019-08-21T15:05:14.943Z] > [functions] package.json contents: {
  "name": "functions",
  "description": "Cloud Functions for Firebase",
  "scripts": {
    "serve": "firebase serve --only functions",
    "shell": "firebase functions:shell",
    "start": "npm run shell",
    "deploy": "firebase deploy --only functions",
    "logs": "firebase functions:log"
  },
  "engines": {
    "node": "8"
  },
  "dependencies": {
    "firebase-admin": "^8.0.0",
    "firebase-functions": "^3.1.0"
  },
  "devDependencies": {
    "firebase-functions-test": "^0.1.6"
  },
  "private": true
}
[info] i  functions: ensuring necessary APIs are enabled...
[debug] [2019-08-21T15:05:14.944Z] >>> HTTP REQUEST GET https://serviceusage.googleapis.com/v1/projects/prascak-personal-site/services/cloudfunctions.googleapis.com  
 
[debug] [2019-08-21T15:05:14.945Z] >>> HTTP REQUEST GET https://serviceusage.googleapis.com/v1/projects/prascak-personal-site/services/runtimeconfig.googleapis.com  
 
[debug] [2019-08-21T15:05:15.220Z] <<< HTTP RESPONSE 200
[debug] [2019-08-21T15:05:15.257Z] <<< HTTP RESPONSE 200
[info] ✔  functions: all necessary APIs are enabled
[debug] [2019-08-21T15:05:15.258Z] >>> HTTP REQUEST GET https://firebase.googleapis.com/v1beta1/projects/prascak-personal-site/adminSdkConfig  
 
[debug] [2019-08-21T15:05:15.453Z] <<< HTTP RESPONSE 200
[debug] [2019-08-21T15:05:15.455Z] >>> HTTP REQUEST POST https://firebasehosting.googleapis.com/v1beta1/sites/prascak-personal-site/versions  

[debug] [2019-08-21T15:05:15.864Z] <<< HTTP RESPONSE 500
[debug] [2019-08-21T15:05:15.864Z] <<< HTTP RESPONSE BODY
[error] 
[error] Error: HTTP Error: 500, Internal error encountered.
[debug] [2019-08-21T15:05:15.995Z] Error Context: {
  "body": {
    "error": {
      "code": 500,
      "message": "Internal error encountered.",
      "status": "INTERNAL"
    }
  },
  "response": {
    "statusCode": 500,
    "body": {
      "error": {
        "code": 500,
        "message": "Internal error encountered.",
        "status": "INTERNAL"
      }
    },
    "headers": {
      "vary": "X-Origin, Referer, Origin,Accept-Encoding",
      "content-type": "application/json; charset=UTF-8",
      "date": "Wed, 21 Aug 2019 15:05:15 GMT",
      "server": "ESF",
      "cache-control": "private",
      "x-xss-protection": "0",
      "x-frame-options": "SAMEORIGIN",
      "x-content-type-options": "nosniff",
      "alt-svc": "quic=\":443\"; ma=2592000; v=\"46,43,39\"",
      "accept-ranges": "none",
      "transfer-encoding": "chunked"
    },
    "request": {
      "uri": {
        "protocol": "https:",
        "slashes": true,
        "auth": null,
        "host": "firebasehosting.googleapis.com",
        "port": 443,
        "hostname": "firebasehosting.googleapis.com",
        "hash": null,
        "search": null,
        "query": null,
        "pathname": "/v1beta1/sites/prascak-personal-site/versions",
        "path": "/v1beta1/sites/prascak-personal-site/versions",
        "href": "https://firebasehosting.googleapis.com/v1beta1/sites/prascak-personal-site/versions"
      },
      "method": "POST"
    }
  }
}
